C:\satlib\hcb2.shuffled-as.sat03-1430.cnf
C:\satlib\marg2x2.shuffled-as.sat03-1440.cnf
C:\satlib\urqh1c2x2.shuffled-as.sat03-1457.cnf
C:\satlib\urqh2x2.shuffled-as.sat03-1470.cnf
C:\satlib\marg2x3.shuffled-as.sat03-1441.cnf
C:\satlib\urqh1c2x3.shuffled-as.sat03-1458.cnf
C:\satlib\marg2x4.shuffled-as.sat03-1442.cnf
C:\satlib\dodecahedron.shuffled-as.sat03-1429.cnf
C:\satlib\icosahedron.shuffled-as.sat03-1438.cnf
C:\satlib\hypercube4.shuffled-as.sat03-1434.cnf
C:\satlib\urqh2x3.shuffled-as.sat03-1471.cnf
C:\satlib\marg3x3.shuffled-as.sat03-1450.cnf
C:\satlib\genurq3Sat.shuffled-as.sat03-1509.cnf
C:\satlib\marg2x5.shuffled-as.sat03-1443.cnf
C:\satlib\bevhcube3.shuffled-as.sat03-1425.cnf
C:\satlib\urqh1c2x4.shuffled-as.sat03-1459.cnf
C:\satlib\marg3x3add4d1.shuffled-as.sat03-1447.cnf
C:\satlib\marg3x3add4.shuffled-as.sat03-1446.cnf
C:\satlib\marg3x3add8.shuffled-as.sat03-1449.cnf
C:\satlib\marg2x6.shuffled-as.sat03-1444.cnf
C:\satlib\marg3x3add8ch.shuffled-as.sat03-1448.cnf
C:\satlib\urqh1c3x3.shuffled-as.sat03-1463.cnf
C:\satlib\urqh2x4.shuffled-as.sat03-1472.cnf
C:\satlib\urqh1c2x5.shuffled-as.sat03-1460.cnf
C:\satlib\hcb3.shuffled-as.sat03-1431.cnf
C:\satlib\icos_stretch.shuffled-as.sat03-1439.cnf
C:\satlib\Urquhart-s3-b3.shuffled-as.sat03-1556.cnf
C:\satlib\marg3x4.shuffled-as.sat03-1451.cnf
C:\satlib\marg2x7.shuffled-as.sat03-1445.cnf
C:\satlib\urqh3x3.shuffled-as.sat03-1476.cnf
C:\satlib\Urquhart-s3-b4.shuffled-as.sat03-1557.cnf
C:\satlib\urqh1c2x6.shuffled-as.sat03-1461.cnf
C:\satlib\urqh2x5.shuffled-as.sat03-1473.cnf
C:\satlib\Urquhart-s3-b6.shuffled-as.sat03-1558.cnf
C:\satlib\urqh1c3x4.shuffled-as.sat03-1464.cnf
C:\satlib\marg3x5.shuffled-as.sat03-1452.cnf
C:\satlib\urqh1c2x7.shuffled-as.sat03-1462.cnf
C:\satlib\marg4x4.shuffled-as.sat03-1454.cnf
C:\satlib\genurq4Sat.shuffled-as.sat03-1510.cnf
C:\satlib\urqh2x6.shuffled-as.sat03-1474.cnf
C:\satlib\Urquhart-s4-b2.shuffled-as.sat03-1561.cnf
C:\satlib\urqh3x4.shuffled-as.sat03-1477.cnf
C:\satlib\Urquhart-s4-b1.shuffled-as.sat03-1560.cnf
C:\satlib\urqh2x7.shuffled-as.sat03-1475.cnf
C:\satlib\urqh1c3x5.shuffled-as.sat03-1465.cnf
C:\satlib\Urquhart-s4-b3.shuffled-as.sat03-1562.cnf
C:\satlib\hypercube5.shuffled-as.sat03-1435.cnf
C:\satlib\urqh1c4x4.shuffled-as.sat03-1467.cnf
C:\satlib\urqh1c3x6.shuffled-as.sat03-1466.cnf
C:\satlib\bevhcube4.shuffled-as.sat03-1426.cnf
C:\satlib\urqh3x5.shuffled-as.sat03-1478.cnf
C:\satlib\genurq5Sat.shuffled-as.sat03-1511.cnf
C:\satlib\urquhart3_25bis.shuffled-as.sat03-1552.cnf
C:\satlib\urqh4x4.shuffled-as.sat03-1480.cnf
C:\satlib\x1_36.shuffled-as.sat03-1589.cnf
C:\satlib\marg5x5.shuffled-as.sat03-1455.cnf
C:\satlib\Urquhart-s5-b1.shuffled-as.sat03-1570.cnf
C:\satlib\Urquhart-s5-b2.shuffled-as.sat03-1571.cnf
C:\satlib\marg3x6.shuffled-as.sat03-1453.cnf
C:\satlib\urqh3x6.shuffled-as.sat03-1479.cnf
C:\satlib\x1.1_40.shuffled-as.sat03-1581.cnf
C:\satlib\x1_40.shuffled-as.sat03-1590.cnf
C:\satlib\x2_40.shuffled-as.sat03-1599.cnf
C:\satlib\hgen8-n120-02-S1654058060.shuffled-as.sat03-876.cnf
C:\satlib\hgen8-n120-03-S1962183220.shuffled-as.sat03-877.cnf
C:\satlib\hgen8-n120-01-S563767109.shuffled-as.sat03-875.cnf
C:\satlib\Urquhart-s5-b3.shuffled-as.sat03-1572.cnf
C:\satlib\hcb4.shuffled-as.sat03-1432.cnf
C:\satlib\x1.1_44.shuffled-as.sat03-1582.cnf
C:\satlib\x1_44.shuffled-as.sat03-1591.cnf
C:\satlib\x2_44.shuffled-as.sat03-1600.cnf
C:\satlib\hwb-n20-01-S208144465.shuffled-as.sat03-1607.cnf
C:\satlib\hwb-n20-02-S1178225014.shuffled-as.sat03-1608.cnf
C:\satlib\hwb-n20-03-S1899964371.shuffled-as.sat03-1609.cnf
C:\satlib\urqh1c5x5.shuffled-as.sat03-1468.cnf
C:\satlib\x1.1_48.shuffled-as.sat03-1583.cnf
C:\satlib\x1_48.shuffled-as.sat03-1592.cnf
C:\satlib\x2_48.shuffled-as.sat03-1601.cnf
C:\satlib\hwb-n22-01-S1917708524.shuffled-as.sat03-1612.cnf
C:\satlib\hwb-n22-02-S1822813358.shuffled-as.sat03-1613.cnf
C:\satlib\hwb-n22-03-S558957874.shuffled-as.sat03-1614.cnf
C:\satlib\gencnf-k6-r44.3-v108-c4784-01-S1974795673.shuffled-as.sat03-1763.cnf
C:\satlib\gencnf-k6-r44.3-v108-c4784-02-S601394963.shuffled-as.sat03-1764.cnf
C:\satlib\gencnf-k6-r44.3-v108-c4784-03-S960724377.shuffled-as.sat03-1765.cnf
C:\satlib\genurq6Sat.shuffled-as.sat03-1512.cnf
C:\satlib\urquhart3_25.shuffled-as.sat03-1553.cnf
C:\satlib\gencnf-k5-r21.5-v131-c2816-01-S410876963.shuffled-as.sat03-1748.cnf
C:\satlib\gencnf-k5-r21.5-v131-c2816-02-S1751106364.shuffled-as.sat03-1749.cnf
C:\satlib\gencnf-k5-r21.5-v131-c2816-03-S1862712556.shuffled-as.sat03-1750.cnf
C:\satlib\gencnf-k7-r88.7-v85-c7539-01-S962370643.shuffled-as.sat03-1783.cnf
C:\satlib\gencnf-k7-r88.7-v85-c7539-02-S603731076.shuffled-as.sat03-1784.cnf
C:\satlib\gencnf-k7-r88.7-v85-c7539-03-S1719810675.shuffled-as.sat03-1785.cnf
C:\satlib\marg6x6.shuffled-as.sat03-1456.cnf
C:\satlib\hwb-n24-01-S1048418025.shuffled-as.sat03-1617.cnf
C:\satlib\hwb-n24-02-S786928571.shuffled-as.sat03-1618.cnf
C:\satlib\hwb-n24-03-S1887675605.shuffled-as.sat03-1619.cnf
C:\satlib\gencnf-k4-r9.88-v155-c1531-01-S1003715042.shuffled-as.sat03-1733.cnf
C:\satlib\gencnf-k4-r9.88-v155-c1531-02-S532470768.shuffled-as.sat03-1734.cnf
C:\satlib\gencnf-k4-r9.88-v155-c1531-03-S1619817942.shuffled-as.sat03-1735.cnf
C:\satlib\x1.1_56.shuffled-as.sat03-1584.cnf
C:\satlib\x1_56.shuffled-as.sat03-1593.cnf
C:\satlib\x2_56.shuffled-as.sat03-1602.cnf
C:\satlib\gencnf-k8-r180-v61-c10980-01-S2011629285.shuffled-as.sat03-1793.cnf
C:\satlib\gencnf-k8-r180-v61-c10980-02-S893013537.shuffled-as.sat03-1794.cnf
C:\satlib\gencnf-k8-r180-v61-c10980-03-S1307241479.shuffled-as.sat03-1795.cnf
C:\satlib\urqh5x5.shuffled-as.sat03-1481.cnf
C:\satlib\gencnf-k6-r44.3-v123-c5448-01-S1510587762.shuffled-as.sat03-1768.cnf
C:\satlib\gencnf-k6-r44.3-v123-c5448-02-S470102603.shuffled-as.sat03-1769.cnf
C:\satlib\gencnf-k6-r44.3-v123-c5448-03-S541873378.shuffled-as.sat03-1770.cnf
C:\satlib\hwb-n26-01-S1957858365.shuffled-as.sat03-1622.cnf
C:\satlib\hwb-n26-02-S1189729474.shuffled-as.sat03-1623.cnf
C:\satlib\hwb-n26-03-S540351185.shuffled-as.sat03-1624.cnf
C:\satlib\gencnf-k5-r21.5-v149-c3203-01-S1120963716.shuffled-as.sat03-1753.cnf
C:\satlib\gencnf-k5-r21.5-v149-c3203-02-S1351897345.shuffled-as.sat03-1754.cnf
C:\satlib\gencnf-k5-r21.5-v149-c3203-03-S462210488.shuffled-as.sat03-1755.cnf
C:\satlib\hgen8-n180-01-S1524349002.shuffled-as.sat03-880.cnf
C:\satlib\hgen8-n180-02-S1125510326.shuffled-as.sat03-881.cnf
C:\satlib\hgen8-n180-03-S1436192352.shuffled-as.sat03-882.cnf
C:\satlib\gencnf-k7-r88.7-v97-c8603-01-S1759534791.shuffled-as.sat03-1788.cnf
C:\satlib\gencnf-k7-r88.7-v97-c8603-02-S1347295179.shuffled-as.sat03-1789.cnf
C:\satlib\gencnf-k7-r88.7-v97-c8603-03-S1950555695.shuffled-as.sat03-1790.cnf
C:\satlib\genurq7Sat.shuffled-as.sat03-1513.cnf
C:\satlib\hwb-n28-01-S136611085.shuffled-as.sat03-1627.cnf
C:\satlib\hwb-n28-02-S818962541.shuffled-as.sat03-1628.cnf
C:\satlib\hwb-n28-03-S1967922763.shuffled-as.sat03-1629.cnf
C:\satlib\gencnf-k8-r180-v69-c12420-01-S766929954.shuffled-as.sat03-1798.cnf
C:\satlib\gencnf-k8-r180-v69-c12420-02-S1875805434.shuffled-as.sat03-1799.cnf
C:\satlib\gencnf-k8-r180-v69-c12420-03-S648380720.shuffled-as.sat03-1800.cnf
C:\satlib\gencnf-k4-r9.88-v177-c1748-01-S5923870.shuffled-as.sat03-1738.cnf
C:\satlib\gencnf-k4-r9.88-v177-c1748-02-S1248633808.shuffled-as.sat03-1739.cnf
C:\satlib\gencnf-k4-r9.88-v177-c1748-03-S1351216716.shuffled-as.sat03-1740.cnf
C:\satlib\x1.1_64.shuffled-as.sat03-1585.cnf
C:\satlib\x1_64.shuffled-as.sat03-1594.cnf
C:\satlib\x2_64.shuffled-as.sat03-1603.cnf
C:\satlib\urquhart4_25bis.shuffled-as.sat03-1554.cnf
C:\satlib\gencnf-k6-r44.3-v140-c6202-01-S1001931590.shuffled-as.sat03-1773.cnf
C:\satlib\gencnf-k6-r44.3-v140-c6202-02-S654624913.shuffled-as.sat03-1774.cnf
C:\satlib\gencnf-k6-r44.3-v140-c6202-03-S723142440.shuffled-as.sat03-1775.cnf
C:\satlib\hwb-n30-01-S682466202.shuffled-as.sat03-1632.cnf
C:\satlib\hwb-n30-02-S77299857.shuffled-as.sat03-1633.cnf
C:\satlib\hwb-n30-03-S44661219.shuffled-as.sat03-1634.cnf
C:\satlib\gencnf-k5-r21.5-v170-c3655-01-S735296936.shuffled-as.sat03-1758.cnf
C:\satlib\gencnf-k5-r21.5-v170-c3655-02-S1524008531.shuffled-as.sat03-1759.cnf
C:\satlib\gencnf-k5-r21.5-v170-c3655-03-S1883603158.shuffled-as.sat03-1760.cnf
C:\satlib\gencnf-k7-r88.7-v110-c9757-01-S445034247.shuffled-as.sat03-1778.cnf
C:\satlib\gencnf-k7-r88.7-v110-c9757-02-S941582236.shuffled-as.sat03-1779.cnf
C:\satlib\gencnf-k7-r88.7-v110-c9757-03-S1100405919.shuffled-as.sat03-1780.cnf
C:\satlib\gencnf-k9-r357-v46-c16422-01-S647636672.shuffled-as.sat03-1808.cnf
C:\satlib\gencnf-k9-r357-v46-c16422-02-S1314785596.shuffled-as.sat03-1809.cnf
C:\satlib\gencnf-k9-r357-v46-c16422-03-S1437098472.shuffled-as.sat03-1810.cnf
C:\satlib\urqh1c6x6.shuffled-as.sat03-1469.cnf
C:\satlib\hypercube6.shuffled-as.sat03-1436.cnf
C:\satlib\x1.1_72.shuffled-as.sat03-1586.cnf
C:\satlib\x1_72.shuffled-as.sat03-1595.cnf
C:\satlib\x2_72.shuffled-as.sat03-1604.cnf
C:\satlib\gencnf-k4-r9.88-v200-c1976-01-S693303132.shuffled-as.sat03-1743.cnf
C:\satlib\gencnf-k4-r9.88-v200-c1976-02-S1817630997.shuffled-as.sat03-1744.cnf
C:\satlib\gencnf-k4-r9.88-v200-c1976-03-S1539378038.shuffled-as.sat03-1745.cnf
C:\satlib\gencnf-k8-r180-v80-c14400-01-S193069551.shuffled-as.sat03-1803.cnf
C:\satlib\gencnf-k8-r180-v80-c14400-02-S1183903711.shuffled-as.sat03-1804.cnf
C:\satlib\gencnf-k8-r180-v80-c14400-03-S1976333176.shuffled-as.sat03-1805.cnf
C:\satlib\hwb-n32-01-S1491788039.shuffled-as.sat03-1637.cnf
C:\satlib\hwb-n32-02-S1478512323.shuffled-as.sat03-1638.cnf
C:\satlib\hwb-n32-03-S717522696.shuffled-as.sat03-1639.cnf
C:\satlib\gencnf-k9-r357-v52-c18564-01-S2061745231.shuffled-as.sat03-1813.cnf
C:\satlib\gencnf-k9-r357-v52-c18564-02-S163762063.shuffled-as.sat03-1814.cnf
C:\satlib\gencnf-k9-r357-v52-c18564-03-S1156946589.shuffled-as.sat03-1815.cnf
C:\satlib\x1.1_80.shuffled-as.sat03-1587.cnf
C:\satlib\x1_80.shuffled-as.sat03-1596.cnf
C:\satlib\x2_80.shuffled-as.sat03-1605.cnf
C:\satlib\bevhcube5.shuffled-as.sat03-1427.cnf
C:\satlib\urqh6x6.shuffled-as.sat03-1482.cnf
C:\satlib\genurq8Sat.shuffled-as.sat03-1514.cnf
C:\satlib\hgen6-4-20-n250-01-S1038812150.shuffled-as.sat03-800.cnf
C:\satlib\hgen6-4-20-n250-02-S179009392.shuffled-as.sat03-801.cnf
C:\satlib\hgen6-4-20-n250-03-S854319939.shuffled-as.sat03-802.cnf
C:\satlib\hgen6-4-24-n250-01-S1912548834.shuffled-as.sat03-825.cnf
C:\satlib\hgen6-4-24-n250-02-S643856825.shuffled-as.sat03-826.cnf
C:\satlib\hgen6-4-24-n250-03-S1897462761.shuffled-as.sat03-827.cnf
C:\satlib\hgen7-n250-01-S1421824751.shuffled-as.sat03-850.cnf
C:\satlib\hgen7-n250-02-S1625158946.shuffled-as.sat03-851.cnf
C:\satlib\hgen7-n250-03-S1200457785.shuffled-as.sat03-852.cnf
C:\satlib\hgen8-n260-01-S1597732451.shuffled-as.sat03-885.cnf
C:\satlib\hgen8-n260-03-S722413478.shuffled-as.sat03-887.cnf
C:\satlib\hgen8-n260-02-S1396509323.shuffled-as.sat03-886.cnf
C:\satlib\gencnf-k9-r357-v60-c21420-01-S94908982.shuffled-as.sat03-1818.cnf
C:\satlib\gencnf-k9-r357-v60-c21420-02-S881876831.shuffled-as.sat03-1819.cnf
C:\satlib\gencnf-k9-r357-v60-c21420-03-S349161342.shuffled-as.sat03-1820.cnf
C:\satlib\mm-1x6-6-6-s.1.shuffled-as.sat03-1490.cnf
C:\satlib\x1.1_96.shuffled-as.sat03-1588.cnf
C:\satlib\x1_96.shuffled-as.sat03-1597.cnf
C:\satlib\x2_96.shuffled-as.sat03-1606.cnf
C:\satlib\urquhart4_25.shuffled-as.sat03-1555.cnf
C:\satlib\homer17.shuffled-as.sat03-428.cnf
C:\satlib\hgen3-v300-s1766565160.shuffled-as.sat03-1684.cnf
C:\satlib\hgen3-v300-s1817652174.shuffled-as.sat03-1685.cnf
C:\satlib\hgen3-v300-s229883414.shuffled-as.sat03-1686.cnf
C:\satlib\gencnf-k10-r720-v38-c27360-01-S1687864750.shuffled-as.sat03-1718.cnf
C:\satlib\gencnf-k10-r720-v38-c27360-02-S1092725406.shuffled-as.sat03-1719.cnf
C:\satlib\gencnf-k10-r720-v38-c27360-03-S314965668.shuffled-as.sat03-1720.cnf
C:\satlib\hgen6-4-20-n300-01-S752959685.shuffled-as.sat03-805.cnf
C:\satlib\hgen6-4-20-n300-02-S1166371520.shuffled-as.sat03-806.cnf
C:\satlib\hgen6-4-20-n300-03-S1476460634.shuffled-as.sat03-807.cnf
C:\satlib\hgen6-4-24-n300-01-S810588847.shuffled-as.sat03-830.cnf
C:\satlib\hgen6-4-24-n300-02-S192751799.shuffled-as.sat03-831.cnf
C:\satlib\hgen6-4-24-n300-03-S1209082612.shuffled-as.sat03-832.cnf
C:\satlib\hgen7-n300-01-S384636973.shuffled-as.sat03-855.cnf
C:\satlib\hgen7-n300-02-S1955956401.shuffled-as.sat03-856.cnf
C:\satlib\hgen7-n300-03-S1932428319.shuffled-as.sat03-857.cnf
C:\satlib\SGI_30_80_16_90_1-log.shuffled-as.sat03-188.cnf
C:\satlib\hgen8-n320-01-S1432474240.shuffled-as.sat03-890.cnf
C:\satlib\hgen8-n320-03-S1572374531.shuffled-as.sat03-892.cnf
C:\satlib\hgen8-n320-02-S1127428711.shuffled-as.sat03-891.cnf
C:\satlib\homer18.shuffled-as.sat03-429.cnf
C:\satlib\SGI_30_70_15_90_1-log.shuffled-as.sat03-137.cnf
C:\satlib\mm-2x2-5-5-s.1.shuffled-as.sat03-1497.cnf
C:\satlib\gencnf-k10-r720-v43-c30960-01-S580109247.shuffled-as.sat03-1723.cnf
C:\satlib\gencnf-k10-r720-v43-c30960-02-S1047729146.shuffled-as.sat03-1724.cnf
C:\satlib\gencnf-k10-r720-v43-c30960-03-S1088632852.shuffled-as.sat03-1725.cnf
C:\satlib\hcb5.shuffled-as.sat03-1433.cnf
C:\satlib\homer19.shuffled-as.sat03-430.cnf
C:\satlib\hgen3-v350-s1711636364.shuffled-as.sat03-1687.cnf
C:\satlib\hgen3-v350-s524562458.shuffled-as.sat03-1688.cnf
C:\satlib\color-10-3.shuffled-as.sat03-1483.cnf
C:\satlib\SGI_30_70_16_90_5-log.shuffled-as.sat03-139.cnf
C:\satlib\SGI_30_80_18_90_3-log.shuffled-as.sat03-194.cnf
C:\satlib\hardnm-L19-01-S1631707097.shuffled-as.sat03-915.cnf
C:\satlib\hardnm-L19-02-S125896754.shuffled-as.sat03-916.cnf
C:\satlib\hardnm-L19-03-S1349471586.shuffled-as.sat03-917.cnf
C:\satlib\SGI_30_80_17_90_7-log.shuffled-as.sat03-190.cnf
C:\satlib\mm-2x2-5-0-s.1.shuffled-as.sat03-1496.cnf
C:\satlib\SGI_30_80_18_80_2-log.shuffled-as.sat03-192.cnf
C:\satlib\x1.1_128.shuffled-as.sat03-1579.cnf
C:\satlib\x1_128.shuffled-as.sat03-1580.cnf
C:\satlib\x2_128.shuffled-as.sat03-1598.cnf
C:\satlib\hgen6-4-20-n390-01-S682927285.shuffled-as.sat03-810.cnf
C:\satlib\hgen6-4-20-n390-02-S1503682390.shuffled-as.sat03-811.cnf
C:\satlib\hgen6-4-20-n390-03-S730718204.shuffled-as.sat03-812.cnf
C:\satlib\hgen6-4-24-n390-01-S877445642.shuffled-as.sat03-835.cnf
C:\satlib\hgen6-4-24-n390-02-S1171124847.shuffled-as.sat03-836.cnf
C:\satlib\hgen6-4-24-n390-03-S1564604983.shuffled-as.sat03-837.cnf
C:\satlib\hgen7-n390-01-S248216171.shuffled-as.sat03-860.cnf
C:\satlib\hgen7-n390-02-S178568232.shuffled-as.sat03-861.cnf
C:\satlib\hgen7-n390-03-S1737541781.shuffled-as.sat03-862.cnf
C:\satlib\gencnf-k10-r720-v50-c36000-01-S33776929.shuffled-as.sat03-1728.cnf
C:\satlib\gencnf-k10-r720-v50-c36000-02-S1359079724.shuffled-as.sat03-1729.cnf
C:\satlib\gencnf-k10-r720-v50-c36000-03-S999535890.shuffled-as.sat03-1730.cnf
C:\satlib\hgen2-v400-s161064952.shuffled-as.sat03-1681.cnf
C:\satlib\hgen3-v400-s344840348.shuffled-as.sat03-1689.cnf
C:\satlib\hgen3-v400-s553296708.shuffled-as.sat03-1690.cnf
C:\satlib\SGI_30_70_18_80_10-log.shuffled-as.sat03-141.cnf
C:\satlib\okgen-c1700-v400-s2038016593-2038016593.shuffled-as.sat03-1698.cnf
C:\satlib\unif-c1700-v400-s734590802.shuffled-as.sat03-1708.cnf
C:\satlib\glassyb-v399-s500582891.shuffled-as.sat03-1679.cnf
C:\satlib\glassyb-v399-s732524269.shuffled-as.sat03-1680.cnf
C:\satlib\glassybp-v399-s382874052.shuffled-as.sat03-1677.cnf
C:\satlib\glassybp-v399-s499089820.shuffled-as.sat03-1678.cnf
C:\satlib\mm-2x2-6-6-s.1.shuffled-as.sat03-1499.cnf
C:\satlib\SGI_30_80_20_90_10-log.shuffled-as.sat03-196.cnf
C:\satlib\am_4_4.shuffled-as.sat03-360.cnf
C:\satlib\color-11-3.shuffled-as.sat03-1484.cnf
C:\satlib\SGI_30_70_19_80_8-log.shuffled-as.sat03-143.cnf
C:\satlib\hgen2-v450-s41511877.shuffled-as.sat03-1682.cnf
C:\satlib\hgen3-v450-s432353833.shuffled-as.sat03-1691.cnf
C:\satlib\okgen-c1890-v450-s1673494695-1673494695.shuffled-as.sat03-1699.cnf
C:\satlib\unif-c1890-v450-s1615727951.shuffled-as.sat03-1709.cnf
C:\satlib\okgen-c1912-v450-s1189481636-1189481636.shuffled-as.sat03-1700.cnf
C:\satlib\okgen-c1912-v450-s243113776-243113776.shuffled-as.sat03-1701.cnf
C:\satlib\unif-c1912-v450-s1305257180.shuffled-as.sat03-1710.cnf
C:\satlib\unif-c1912-v450-s669590537.shuffled-as.sat03-1711.cnf
C:\satlib\SGI_30_80_21_90_2-log.shuffled-as.sat03-198.cnf
C:\satlib\okgen-c1935-v450-s1097304465-1097304465.shuffled-as.sat03-1702.cnf
C:\satlib\okgen-c1935-v450-s1697757218-1697757218.shuffled-as.sat03-1703.cnf
C:\satlib\okgen-c1935-v450-s569787048-569787048.shuffled-as.sat03-1704.cnf
C:\satlib\unif-c1935-v450-s164592491.shuffled-as.sat03-1712.cnf
C:\satlib\unif-c1935-v450-s402823357.shuffled-as.sat03-1713.cnf
C:\satlib\unif-c1935-v450-s529333649.shuffled-as.sat03-1714.cnf
C:\satlib\SGI_30_60_19_60_6-log.shuffled-as.sat03-113.cnf
C:\satlib\okgen-c2025-v450-s1380514806-1380514806.shuffled-as.sat03-1705.cnf
C:\satlib\okgen-c2025-v450-s35766214-35766214.shuffled-as.sat03-1706.cnf
C:\satlib\okgen-c2025-v450-s7443027-7443027.shuffled-as.sat03-1707.cnf
C:\satlib\unif-c2025-v450-s1561158813.shuffled-as.sat03-1715.cnf
C:\satlib\unif-c2025-v450-s2044100906.shuffled-as.sat03-1716.cnf
C:\satlib\unif-c2025-v450-s605642359.shuffled-as.sat03-1717.cnf
C:\satlib\SGI_30_70_20_60_10-log.shuffled-as.sat03-145.cnf
C:\satlib\SGI_30_70_20_70_5-log.shuffled-as.sat03-149.cnf
C:\satlib\homer20.shuffled-as.sat03-431.cnf
C:\satlib\SGI_30_70_20_70_1-log.shuffled-as.sat03-147.cnf
C:\satlib\hardnm-L22-01-S1857894774.shuffled-as.sat03-920.cnf
C:\satlib\hardnm-L22-02-S610404655.shuffled-as.sat03-921.cnf
C:\satlib\hardnm-L22-03-S1759353556.shuffled-as.sat03-922.cnf
C:\satlib\SGI_30_60_20_50_3-log.shuffled-as.sat03-115.cnf
C:\satlib\SGI_30_70_21_60_7-log.shuffled-as.sat03-151.cnf
C:\satlib\mm-2x2-7-7-s.1.shuffled-as.sat03-1492.cnf
C:\satlib\balancedhidden-k3-n498-pos5-neg5-02-S1619545866.shuffled-as.sat03-896.cnf
C:\satlib\balancedhidden-k3-n498-pos5-neg5-03-S1305011525.shuffled-as.sat03-897.cnf
C:\satlib\balancedhidden-k3-n498-pos5-neg5-01-S726795108.shuffled-as.sat03-895.cnf
C:\satlib\unif-r3-v500-c1500-01-S1216319912.shuffled-as.sat03-1095.cnf
C:\satlib\unif-r3-v500-c1500-02-S1946834389.shuffled-as.sat03-1096.cnf
C:\satlib\unif-r3-v500-c1500-03-S767610493.shuffled-as.sat03-1097.cnf
C:\satlib\hgen2-v500-s1216665065.shuffled-as.sat03-1683.cnf
C:\satlib\hgen3-v500-s1349121860.shuffled-as.sat03-1692.cnf
C:\satlib\hgen3-v500-s1803930514.shuffled-as.sat03-1693.cnf
C:\satlib\hgen3-v500-s1920280160.shuffled-as.sat03-1694.cnf
C:\satlib\hidden-k3-s0-r4-n500-01-S267803246.shuffled-as.sat03-945.cnf
C:\satlib\hidden-k3-s0-r4-n500-02-S1786701149.shuffled-as.sat03-946.cnf
C:\satlib\hidden-k3-s0-r4-n500-03-S1575402861.shuffled-as.sat03-947.cnf
C:\satlib\hidden-k3-s1-r4-n500-01-S1170500520.shuffled-as.sat03-990.cnf
C:\satlib\hidden-k3-s1-r4-n500-02-S928136868.shuffled-as.sat03-991.cnf
C:\satlib\hidden-k3-s1-r4-n500-03-S1200788645.shuffled-as.sat03-992.cnf
C:\satlib\hidden-k3-s2-r4-n500-01-S1373238829.shuffled-as.sat03-1035.cnf
C:\satlib\hidden-k3-s2-r4-n500-02-S6526004.shuffled-as.sat03-1036.cnf
C:\satlib\hidden-k3-s2-r4-n500-03-S179037483.shuffled-as.sat03-1037.cnf
C:\satlib\unif-r4-v500-c2000-01-S1728370642.shuffled-as.sat03-1140.cnf
C:\satlib\unif-r4-v500-c2000-02-S951336820.shuffled-as.sat03-1141.cnf
C:\satlib\unif-r4-v500-c2000-03-S279994087.shuffled-as.sat03-1142.cnf
C:\satlib\unif-r4.25-v500-c2125-01-S993243408.shuffled-as.sat03-1110.cnf
C:\satlib\unif-r4.25-v500-c2125-02-S1567634734.shuffled-as.sat03-1111.cnf
C:\satlib\unif-r4.25-v500-c2125-03-S948115330.shuffled-as.sat03-1112.cnf
C:\satlib\unif-r4.5-v500-c2250-01-S2074779288.shuffled-as.sat03-1125.cnf
C:\satlib\unif-r4.5-v500-c2250-02-S2054416750.shuffled-as.sat03-1126.cnf
C:\satlib\unif-r4.5-v500-c2250-03-S1518674119.shuffled-as.sat03-1127.cnf
C:\satlib\hidden-k3-s0-r5-n500-01-S1862377939.shuffled-as.sat03-960.cnf
C:\satlib\hidden-k3-s0-r5-n500-02-S1535496345.shuffled-as.sat03-961.cnf
C:\satlib\hidden-k3-s0-r5-n500-03-S1744892507.shuffled-as.sat03-962.cnf
C:\satlib\hidden-k3-s1-r5-n500-01-S1619991167.shuffled-as.sat03-1005.cnf
C:\satlib\hidden-k3-s1-r5-n500-02-S2015275929.shuffled-as.sat03-1006.cnf
C:\satlib\hidden-k3-s1-r5-n500-03-S96620575.shuffled-as.sat03-1007.cnf
C:\satlib\hidden-k3-s2-r5-n500-01-S1116389328.shuffled-as.sat03-1050.cnf
C:\satlib\hidden-k3-s2-r5-n500-02-S634492103.shuffled-as.sat03-1051.cnf
C:\satlib\hidden-k3-s2-r5-n500-03-S1810809547.shuffled-as.sat03-1052.cnf
C:\satlib\unif-r5.5-v500-c2750-01-S1717823221.shuffled-as.sat03-1155.cnf
C:\satlib\unif-r5.5-v500-c2750-02-S253473645.shuffled-as.sat03-1156.cnf
C:\satlib\unif-r5.5-v500-c2750-03-S1718825000.shuffled-as.sat03-1157.cnf
C:\satlib\hypercube7.shuffled-as.sat03-1437.cnf
C:\satlib\hidden-k3-s0-r6-n500-01-S1892135206.shuffled-as.sat03-975.cnf
C:\satlib\hidden-k3-s0-r6-n500-02-S1278226505.shuffled-as.sat03-976.cnf
C:\satlib\hidden-k3-s0-r6-n500-03-S788454936.shuffled-as.sat03-977.cnf
C:\satlib\hidden-k3-s1-r6-n500-01-S744233835.shuffled-as.sat03-1020.cnf
C:\satlib\hidden-k3-s1-r6-n500-02-S1071797292.shuffled-as.sat03-1021.cnf
C:\satlib\hidden-k3-s1-r6-n500-03-S408319111.shuffled-as.sat03-1022.cnf
C:\satlib\hidden-k3-s2-r6-n500-01-S612043696.shuffled-as.sat03-1065.cnf
C:\satlib\hidden-k3-s2-r6-n500-02-S106546877.shuffled-as.sat03-1066.cnf
C:\satlib\hidden-k3-s2-r6-n500-03-S940702104.shuffled-as.sat03-1067.cnf
C:\satlib\SGI_30_80_23_90_10-log.shuffled-as.sat03-202.cnf
C:\satlib\SGI_30_70_21_70_7-log.shuffled-as.sat03-153.cnf
C:\satlib\hgen6-4-20-n520-01-S1615528121.shuffled-as.sat03-815.cnf
C:\satlib\hgen6-4-20-n520-02-S1368935453.shuffled-as.sat03-816.cnf
C:\satlib\hgen6-4-20-n520-03-S1475523948.shuffled-as.sat03-817.cnf
C:\satlib\hgen6-4-24-n520-01-S981626751.shuffled-as.sat03-840.cnf
C:\satlib\hgen6-4-24-n520-02-S1443767688.shuffled-as.sat03-841.cnf
C:\satlib\hgen6-4-24-n520-03-S2045416212.shuffled-as.sat03-842.cnf
C:\satlib\hgen7-n520-01-S1984566106.shuffled-as.sat03-865.cnf
C:\satlib\hgen7-n520-02-S973783428.shuffled-as.sat03-866.cnf
C:\satlib\hgen7-n520-03-S2134781359.shuffled-as.sat03-867.cnf
C:\satlib\hardnm-L23-01-S236768387.shuffled-as.sat03-925.cnf
C:\satlib\hardnm-L23-02-S1190294031.shuffled-as.sat03-926.cnf
C:\satlib\hardnm-L23-03-S1456998190.shuffled-as.sat03-927.cnf
C:\satlib\SGI_30_70_23_50_1-log.shuffled-as.sat03-157.cnf
C:\satlib\SGI_30_80_23_80_3-log.shuffled-as.sat03-200.cnf
C:\satlib\hgen3-v550-s1180212793.shuffled-as.sat03-1695.cnf
C:\satlib\hgen3-v550-s1969596846.shuffled-as.sat03-1696.cnf
C:\satlib\hgen3-v550-s918732479.shuffled-as.sat03-1697.cnf
C:\satlib\hidden-k3-s0-r4-n550-01-S628440411.shuffled-as.sat03-950.cnf
C:\satlib\hidden-k3-s0-r4-n550-02-S1318073760.shuffled-as.sat03-951.cnf
C:\satlib\hidden-k3-s0-r4-n550-03-S1365864153.shuffled-as.sat03-952.cnf
C:\satlib\hidden-k3-s1-r4-n550-01-S508324316.shuffled-as.sat03-995.cnf
C:\satlib\hidden-k3-s1-r4-n550-02-S2101652811.shuffled-as.sat03-996.cnf
C:\satlib\hidden-k3-s1-r4-n550-03-S415700819.shuffled-as.sat03-997.cnf
C:\satlib\hidden-k3-s2-r4-n550-01-S1390752327.shuffled-as.sat03-1040.cnf
C:\satlib\hidden-k3-s2-r4-n550-02-S2127338191.shuffled-as.sat03-1041.cnf
C:\satlib\hidden-k3-s2-r4-n550-03-S1589704002.shuffled-as.sat03-1042.cnf
C:\satlib\SGI_30_60_23_50_8-log.shuffled-as.sat03-117.cnf
C:\satlib\hidden-k3-s0-r5-n550-01-S1903413054.shuffled-as.sat03-965.cnf
C:\satlib\hidden-k3-s0-r5-n550-02-S886570446.shuffled-as.sat03-966.cnf
C:\satlib\hidden-k3-s0-r5-n550-03-S76268464.shuffled-as.sat03-967.cnf
C:\satlib\hidden-k3-s1-r5-n550-01-S848621830.shuffled-as.sat03-1010.cnf
C:\satlib\hidden-k3-s1-r5-n550-02-S1395959893.shuffled-as.sat03-1011.cnf
C:\satlib\hidden-k3-s1-r5-n550-03-S420099363.shuffled-as.sat03-1012.cnf
C:\satlib\hidden-k3-s2-r5-n550-01-S680234962.shuffled-as.sat03-1055.cnf
C:\satlib\hidden-k3-s2-r5-n550-02-S1195196115.shuffled-as.sat03-1056.cnf
C:\satlib\hidden-k3-s2-r5-n550-03-S1780765833.shuffled-as.sat03-1057.cnf
C:\satlib\SGI_30_70_22_70_7-log.shuffled-as.sat03-155.cnf
C:\satlib\hidden-k3-s0-r6-n550-01-S2059988436.shuffled-as.sat03-980.cnf
C:\satlib\hidden-k3-s0-r6-n550-02-S125761959.shuffled-as.sat03-981.cnf
C:\satlib\hidden-k3-s0-r6-n550-03-S849852814.shuffled-as.sat03-982.cnf
C:\satlib\hidden-k3-s1-r6-n550-01-S1769106207.shuffled-as.sat03-1025.cnf
C:\satlib\hidden-k3-s1-r6-n550-02-S1432745023.shuffled-as.sat03-1026.cnf
C:\satlib\hidden-k3-s1-r6-n550-03-S1345648489.shuffled-as.sat03-1027.cnf
C:\satlib\hidden-k3-s2-r6-n550-01-S1847629432.shuffled-as.sat03-1070.cnf
C:\satlib\hidden-k3-s2-r6-n550-02-S662940678.shuffled-as.sat03-1071.cnf
C:\satlib\hidden-k3-s2-r6-n550-03-S1653755824.shuffled-as.sat03-1072.cnf
C:\satlib\SGI_30_70_23_60_1-log.shuffled-as.sat03-159.cnf
C:\satlib\bevhcube6.shuffled-as.sat03-1428.cnf
C:\satlib\SGI_30_60_24_40_2-log.shuffled-as.sat03-119.cnf
C:\satlib\SGI_30_70_25_50_7-log.shuffled-as.sat03-162.cnf
C:\satlib\SGI_30_80_24_80_9-log.shuffled-as.sat03-204.cnf
C:\satlib\unif-r3-v600-c1800-01-S1915612738.shuffled-as.sat03-1100.cnf
C:\satlib\unif-r3-v600-c1800-02-S1352575561.shuffled-as.sat03-1101.cnf
C:\satlib\unif-r3-v600-c1800-03-S1363427436.shuffled-as.sat03-1102.cnf
C:\satlib\unif-r4-v600-c2400-01-S1083317809.shuffled-as.sat03-1145.cnf
C:\satlib\unif-r4-v600-c2400-02-S746857225.shuffled-as.sat03-1146.cnf
C:\satlib\unif-r4-v600-c2400-03-S703123123.shuffled-as.sat03-1147.cnf
C:\satlib\unif-r4.25-v600-c2550-01-S499063310.shuffled-as.sat03-1115.cnf
C:\satlib\unif-r4.25-v600-c2550-02-S1463237149.shuffled-as.sat03-1116.cnf
C:\satlib\unif-r4.25-v600-c2550-03-S1158627995.shuffled-as.sat03-1117.cnf
C:\satlib\unif-r4.5-v600-c2700-01-S1032407753.shuffled-as.sat03-1130.cnf
C:\satlib\unif-r4.5-v600-c2700-02-S1403306555.shuffled-as.sat03-1131.cnf
C:\satlib\unif-r4.5-v600-c2700-03-S37416491.shuffled-as.sat03-1132.cnf
C:\satlib\SGI_30_80_26_80_1-log.shuffled-as.sat03-210.cnf
C:\satlib\unif-r5.5-v600-c3300-01-S1986720436.shuffled-as.sat03-1160.cnf
C:\satlib\unif-r5.5-v600-c3300-02-S1555865358.shuffled-as.sat03-1161.cnf
C:\satlib\unif-r5.5-v600-c3300-03-S326715321.shuffled-as.sat03-1162.cnf
C:\satlib\SGI_30_80_25_80_5-log.shuffled-as.sat03-206.cnf
C:\satlib\SGI_30_80_27_80_2-log.shuffled-as.sat03-214.cnf
C:\satlib\hardnm-L25-01-S1300914271.shuffled-as.sat03-930.cnf
C:\satlib\hardnm-L25-02-S1861400148.shuffled-as.sat03-931.cnf
C:\satlib\hardnm-L25-03-S1256767174.shuffled-as.sat03-932.cnf
C:\satlib\SGI_30_60_25_40_2-log.shuffled-as.sat03-121.cnf
C:\satlib\SGI_30_60_28_30_1-log.shuffled-as.sat03-2.cnf
C:\satlib\SGI_30_80_26_70_4-log.shuffled-as.sat03-208.cnf
C:\satlib\balancedhidden-k3-n648-pos5-neg5-02-S1353905088.shuffled-as.sat03-901.cnf
C:\satlib\balancedhidden-k3-n648-pos5-neg5-01-S1715560656.shuffled-as.sat03-900.cnf
C:\satlib\balancedhidden-k3-n648-pos5-neg5-03-S411546238.shuffled-as.sat03-902.cnf
C:\satlib\SGI_30_40_30_20_2-log.shuffled-as.sat03-105.cnf
C:\satlib\SGI_30_70_26_60_1-log.shuffled-as.sat03-168.cnf
C:\satlib\hgen6-4-20-n650-01-S687849686.shuffled-as.sat03-820.cnf
C:\satlib\hgen6-4-20-n650-02-S1892759963.shuffled-as.sat03-821.cnf
C:\satlib\hgen6-4-20-n650-03-S386888147.shuffled-as.sat03-822.cnf
C:\satlib\hgen6-4-24-n650-01-S745170967.shuffled-as.sat03-845.cnf
C:\satlib\hgen6-4-24-n650-02-S838982304.shuffled-as.sat03-846.cnf
C:\satlib\hgen6-4-24-n650-03-S528656311.shuffled-as.sat03-847.cnf
C:\satlib\hgen7-n650-01-S942570056.shuffled-as.sat03-870.cnf
C:\satlib\hgen7-n650-02-S372473027.shuffled-as.sat03-871.cnf
C:\satlib\hgen7-n650-03-S1408273529.shuffled-as.sat03-872.cnf
C:\satlib\SGI_30_70_26_40_6-log.shuffled-as.sat03-164.cnf
C:\satlib\SGI_30_60_28_40_10-log.shuffled-as.sat03-123.cnf
C:\satlib\SGI_30_70_26_50_3-log.shuffled-as.sat03-166.cnf
C:\satlib\SGI_30_70_27_50_3-log.shuffled-as.sat03-170.cnf
C:\satlib\SGI_30_50_30_20_5-log.shuffled-as.sat03-111.cnf
C:\satlib\SGI_30_80_27_70_7-log.shuffled-as.sat03-212.cnf
C:\satlib\SGI_30_60_29_30_6-log.shuffled-as.sat03-131.cnf
C:\satlib\SGI_30_50_30_20_1-log.shuffled-as.sat03-107.cnf
C:\satlib\unif-r3-v700-c2100-01-S511021547.shuffled-as.sat03-1105.cnf
C:\satlib\unif-r3-v700-c2100-02-S1776031682.shuffled-as.sat03-1106.cnf
C:\satlib\unif-r3-v700-c2100-03-S1453030500.shuffled-as.sat03-1107.cnf
C:\satlib\SGI_30_60_28_40_7-log.shuffled-as.sat03-127.cnf
C:\satlib\SGI_30_70_26_60_3-log.shuffled-as.sat03-4.cnf
C:\satlib\hidden-k3-s0-r4-n700-01-S1504820109.shuffled-as.sat03-955.cnf
C:\satlib\hidden-k3-s0-r4-n700-02-S1699381478.shuffled-as.sat03-956.cnf
C:\satlib\hidden-k3-s0-r4-n700-03-S861500195.shuffled-as.sat03-957.cnf
C:\satlib\hidden-k3-s1-r4-n700-01-S1118289662.shuffled-as.sat03-1000.cnf
C:\satlib\hidden-k3-s1-r4-n700-02-S480625866.shuffled-as.sat03-1001.cnf
C:\satlib\hidden-k3-s1-r4-n700-03-S147774021.shuffled-as.sat03-1002.cnf
C:\satlib\hidden-k3-s2-r4-n700-01-S1345368556.shuffled-as.sat03-1045.cnf
C:\satlib\hidden-k3-s2-r4-n700-02-S664369081.shuffled-as.sat03-1046.cnf
C:\satlib\hidden-k3-s2-r4-n700-03-S1945356584.shuffled-as.sat03-1047.cnf
C:\satlib\unif-r4-v700-c2800-01-S198307948.shuffled-as.sat03-1150.cnf
C:\satlib\unif-r4-v700-c2800-02-S459904444.shuffled-as.sat03-1151.cnf
C:\satlib\unif-r4-v700-c2800-03-S869054807.shuffled-as.sat03-1152.cnf
C:\satlib\unif-r4.25-v700-c2975-01-S771644789.shuffled-as.sat03-1120.cnf
C:\satlib\unif-r4.25-v700-c2975-02-S1917912431.shuffled-as.sat03-1121.cnf
C:\satlib\unif-r4.25-v700-c2975-03-S970500404.shuffled-as.sat03-1122.cnf
C:\satlib\SGI_30_60_28_40_2-log.shuffled-as.sat03-125.cnf
C:\satlib\unif-r4.5-v700-c3150-01-S590849398.shuffled-as.sat03-1135.cnf
C:\satlib\unif-r4.5-v700-c3150-02-S832206750.shuffled-as.sat03-1136.cnf
C:\satlib\unif-r4.5-v700-c3150-03-S1031454283.shuffled-as.sat03-1137.cnf
C:\satlib\SGI_30_80_29_60_7-log.shuffled-as.sat03-218.cnf
C:\satlib\SGI_30_50_30_20_3-log.shuffled-as.sat03-109.cnf
C:\satlib\hidden-k3-s0-r5-n700-01-S2069048075.shuffled-as.sat03-970.cnf
C:\satlib\hidden-k3-s0-r5-n700-02-S350203913.shuffled-as.sat03-971.cnf
C:\satlib\hidden-k3-s0-r5-n700-03-S1609878926.shuffled-as.sat03-972.cnf
C:\satlib\hidden-k3-s1-r5-n700-01-S2041843204.shuffled-as.sat03-1015.cnf
C:\satlib\hidden-k3-s1-r5-n700-02-S1311004756.shuffled-as.sat03-1016.cnf
C:\satlib\hidden-k3-s1-r5-n700-03-S1074874280.shuffled-as.sat03-1017.cnf
C:\satlib\hidden-k3-s2-r5-n700-01-S414552155.shuffled-as.sat03-1060.cnf
C:\satlib\hidden-k3-s2-r5-n700-02-S734409904.shuffled-as.sat03-1061.cnf
C:\satlib\hidden-k3-s2-r5-n700-03-S1232394853.shuffled-as.sat03-1062.cnf
C:\satlib\SGI_30_80_15_90_4-dir.shuffled-as.sat03-6.cnf
C:\satlib\unif-r5.5-v700-c3850-01-S2070935521.shuffled-as.sat03-1165.cnf
C:\satlib\unif-r5.5-v700-c3850-02-S1089682134.shuffled-as.sat03-1166.cnf
C:\satlib\unif-r5.5-v700-c3850-03-S489977228.shuffled-as.sat03-1167.cnf
C:\satlib\hidden-k3-s0-r6-n700-01-S1981391572.shuffled-as.sat03-985.cnf
C:\satlib\hidden-k3-s0-r6-n700-02-S991608584.shuffled-as.sat03-986.cnf
C:\satlib\hidden-k3-s0-r6-n700-03-S1620798082.shuffled-as.sat03-987.cnf
C:\satlib\hidden-k3-s1-r6-n700-01-S1767925031.shuffled-as.sat03-1030.cnf
C:\satlib\hidden-k3-s1-r6-n700-02-S1357379167.shuffled-as.sat03-1031.cnf
C:\satlib\hidden-k3-s1-r6-n700-03-S1206768572.shuffled-as.sat03-1032.cnf
C:\satlib\hidden-k3-s2-r6-n700-01-S32927849.shuffled-as.sat03-1075.cnf
C:\satlib\hidden-k3-s2-r6-n700-02-S1150565222.shuffled-as.sat03-1076.cnf
C:\satlib\hidden-k3-s2-r6-n700-03-S1027616642.shuffled-as.sat03-1077.cnf
C:\satlib\SGI_30_80_28_70_8-log.shuffled-as.sat03-216.cnf
C:\satlib\SGI_30_60_30_30_2-log.shuffled-as.sat03-133.cnf
C:\satlib\SGI_30_70_29_50_3-log.shuffled-as.sat03-180.cnf
C:\satlib\SGI_30_70_28_50_1-log.shuffled-as.sat03-174.cnf
C:\satlib\mm-1x6-6-6-sb.1.shuffled-as.sat03-1491.cnf
C:\satlib\balancedhidden-k3-n738-pos5-neg5-02-S561241057.shuffled-as.sat03-906.cnf
C:\satlib\balancedhidden-k3-n738-pos5-neg5-03-S586290700.shuffled-as.sat03-907.cnf
C:\satlib\balancedhidden-k3-n738-pos5-neg5-01-S1708395806.shuffled-as.sat03-905.cnf
C:\satlib\SGI_30_70_27_60_5-log.shuffled-as.sat03-172.cnf
C:\satlib\Mat26.shuffled-as.sat03-1528.cnf
C:\satlib\SGI_30_70_15_90_1-dir.shuffled-as.sat03-136.cnf
C:\satlib\SGI_30_70_28_60_5-log.shuffled-as.sat03-178.cnf
C:\satlib\SGI_30_70_30_40_3-log.shuffled-as.sat03-182.cnf
C:\satlib\SGI_30_80_16_90_1-dir.shuffled-as.sat03-187.cnf
C:\satlib\SGI_30_60_28_50_8-log.shuffled-as.sat03-129.cnf
C:\satlib\SGI_30_60_30_40_6-log.shuffled-as.sat03-135.cnf
C:\satlib\SGI_30_70_30_60_2-log.shuffled-as.sat03-186.cnf
C:\satlib\SGI_30_70_30_50_10-log.shuffled-as.sat03-184.cnf
C:\satlib\SGI_30_70_28_60_1-log.shuffled-as.sat03-176.cnf
C:\satlib\SGI_30_70_16_90_5-dir.shuffled-as.sat03-138.cnf
C:\satlib\mm-3x1-9-9-s.1.shuffled-as.sat03-1494.cnf
C:\satlib\hardnm-L29-01-S1195071335.shuffled-as.sat03-935.cnf
C:\satlib\hardnm-L29-02-S665597766.shuffled-as.sat03-936.cnf
C:\satlib\hardnm-L29-03-S923200393.shuffled-as.sat03-937.cnf
C:\satlib\SGI_30_80_17_90_7-dir.shuffled-as.sat03-189.cnf
C:\satlib\mm-2x3-6-6-s.1.shuffled-as.sat03-1501.cnf
C:\satlib\SGI_30_80_18_90_3-dir.shuffled-as.sat03-193.cnf
C:\satlib\SGI_30_80_18_80_2-dir.shuffled-as.sat03-191.cnf
C:\satlib\genurq15Sat.shuffled-as.sat03-1505.cnf
C:\satlib\SGI_30_70_18_80_10-dir.shuffled-as.sat03-140.cnf
C:\satlib\balancedhidden-k3-n918-pos5-neg5-01-S1172068067.shuffled-as.sat03-910.cnf
C:\satlib\balancedhidden-k3-n918-pos5-neg5-02-S1957495595.shuffled-as.sat03-911.cnf
C:\satlib\balancedhidden-k3-n918-pos5-neg5-03-S166036896.shuffled-as.sat03-912.cnf
C:\satlib\SGI_30_70_19_80_8-dir.shuffled-as.sat03-142.cnf
C:\satlib\SGI_30_80_20_90_10-dir.shuffled-as.sat03-195.cnf
C:\satlib\SGI_30_60_19_60_6-dir.shuffled-as.sat03-112.cnf
C:\satlib\SGI_30_70_20_60_10-dir.shuffled-as.sat03-144.cnf
C:\satlib\SGI_30_70_20_70_5-dir.shuffled-as.sat03-148.cnf
C:\satlib\hardnm-L32-01-S1218460546.shuffled-as.sat03-940.cnf
C:\satlib\hardnm-L32-02-S964513274.shuffled-as.sat03-941.cnf
C:\satlib\hardnm-L32-03-S1527311839.shuffled-as.sat03-942.cnf
C:\satlib\SGI_30_70_20_70_1-dir.shuffled-as.sat03-146.cnf
C:\satlib\SGI_30_80_21_90_2-dir.shuffled-as.sat03-197.cnf
C:\satlib\SGI_30_60_20_50_3-dir.shuffled-as.sat03-114.cnf
C:\satlib\am_5_5.shuffled-as.sat03-361.cnf
C:\satlib\SGI_30_70_21_60_7-dir.shuffled-as.sat03-150.cnf
C:\satlib\SGI_30_70_21_70_7-dir.shuffled-as.sat03-152.cnf
C:\satlib\mm-1x10-10-10-s.1.shuffled-as.sat03-1488.cnf
C:\satlib\mm-2x2-5-5-sb.1.shuffled-as.sat03-1498.cnf
C:\satlib\SGI_30_80_23_90_10-dir.shuffled-as.sat03-201.cnf
C:\satlib\SGI_30_70_22_70_7-dir.shuffled-as.sat03-154.cnf
C:\satlib\mm-2x3-8-8-s.1.shuffled-as.sat03-1503.cnf
C:\satlib\SGI_30_70_23_50_1-dir.shuffled-as.sat03-156.cnf
C:\satlib\SGI_30_70_23_60_5-dir.shuffled-as.sat03-160.cnf
C:\satlib\SGI_30_80_23_80_3-dir.shuffled-as.sat03-199.cnf
C:\satlib\SGI_30_60_23_50_8-dir.shuffled-as.sat03-116.cnf
C:\satlib\clus-1200-4800-20-20-001.shuffled-as.sat03-1085.cnf
C:\satlib\clus-1200-4800-20-20-002.shuffled-as.sat03-1086.cnf
C:\satlib\clus-1200-4800-20-20-003.shuffled-as.sat03-1087.cnf
C:\satlib\clus-1200-4800-45-30-001.shuffled-as.sat03-1080.cnf
C:\satlib\clus-1200-4800-45-30-002.shuffled-as.sat03-1081.cnf
C:\satlib\clus-1200-4800-45-30-003.shuffled-as.sat03-1082.cnf
C:\satlib\clus-1200-4919-10-10-001.shuffled-as.sat03-1090.cnf
C:\satlib\clus-1200-4919-10-10-002.shuffled-as.sat03-1091.cnf
C:\satlib\clus-1200-4919-10-10-003.shuffled-as.sat03-1092.cnf
C:\satlib\SGI_30_70_23_60_1-dir.shuffled-as.sat03-158.cnf
C:\satlib\SGI_30_60_24_40_2-dir.shuffled-as.sat03-118.cnf
C:\satlib\SGI_30_80_24_80_9-dir.shuffled-as.sat03-203.cnf
C:\satlib\SGI_30_70_25_50_7-dir.shuffled-as.sat03-161.cnf
C:\satlib\par32-2-c.shuffled-as.sat03-1533.cnf
C:\satlib\color-15-4.shuffled-as.sat03-1485.cnf
C:\satlib\par32-1-c.shuffled-as.sat03-1531.cnf
C:\satlib\SGI_30_80_25_80_5-dir.shuffled-as.sat03-205.cnf
C:\satlib\par32-3-c.shuffled-as.sat03-1535.cnf
C:\satlib\SGI_30_60_25_40_2-dir.shuffled-as.sat03-120.cnf
C:\satlib\par32-4-c.shuffled-as.sat03-1537.cnf
C:\satlib\SGI_30_80_26_80_1-dir.shuffled-as.sat03-209.cnf
C:\satlib\par32-5-c.shuffled-as.sat03-1539.cnf
C:\satlib\SGI_30_80_26_70_4-dir.shuffled-as.sat03-207.cnf
C:\satlib\SGI_30_70_26_60_1-dir.shuffled-as.sat03-167.cnf
C:\satlib\SGI_30_80_27_80_2-dir.shuffled-as.sat03-213.cnf
C:\satlib\SGI_30_70_26_40_6-dir.shuffled-as.sat03-163.cnf
C:\satlib\SGI_30_70_26_50_3-dir.shuffled-as.sat03-165.cnf
C:\satlib\hanoi4u.shuffled-as.sat03-399.cnf
C:\satlib\SGI_30_60_28_30_1-dir.shuffled-as.sat03-1.cnf
C:\satlib\SGI_30_70_26_60_3-dir.shuffled-as.sat03-3.cnf
C:\satlib\SGI_30_70_27_50_3-dir.shuffled-as.sat03-169.cnf
C:\satlib\SGI_30_80_27_70_7-dir.shuffled-as.sat03-211.cnf
C:\satlib\SGI_30_60_28_40_10-dir.shuffled-as.sat03-122.cnf
C:\satlib\lisa21_99_a.shuffled-as.sat03-1527.cnf
C:\satlib\SGI_30_60_28_40_7-dir.shuffled-as.sat03-126.cnf
C:\satlib\SGI_30_60_28_40_2-dir.shuffled-as.sat03-124.cnf
C:\satlib\SGI_30_40_30_20_2-dir.shuffled-as.sat03-104.cnf
C:\satlib\SGI_30_70_27_60_5-dir.shuffled-as.sat03-171.cnf
C:\satlib\SGI_30_80_28_70_8-dir.shuffled-as.sat03-215.cnf
C:\satlib\SGI_30_60_29_30_6-dir.shuffled-as.sat03-130.cnf
C:\satlib\SGI_30_70_28_50_1-dir.shuffled-as.sat03-173.cnf
C:\satlib\SGI_30_50_30_20_5-dir.shuffled-as.sat03-110.cnf
C:\satlib\SGI_30_80_29_60_7-dir.shuffled-as.sat03-217.cnf
C:\satlib\hanoi4.shuffled-as.sat03-398.cnf
C:\satlib\SGI_30_70_28_60_5-dir.shuffled-as.sat03-177.cnf
C:\satlib\SGI_30_50_30_20_1-dir.shuffled-as.sat03-106.cnf
C:\satlib\mm-2x2-6-6-sb.1.shuffled-as.sat03-1500.cnf
C:\satlib\SGI_30_70_29_50_3-dir.shuffled-as.sat03-179.cnf
C:\satlib\SGI_30_50_30_20_3-dir.shuffled-as.sat03-108.cnf
C:\satlib\SGI_30_60_28_50_8-dir.shuffled-as.sat03-128.cnf
C:\satlib\SGI_30_60_30_30_2-dir.shuffled-as.sat03-132.cnf
C:\satlib\genurq20Sat.shuffled-as.sat03-1506.cnf
C:\satlib\bqwh.33.381.shuffled-as.sat03-1642.cnf
C:\satlib\SGI_30_70_28_60_1-dir.shuffled-as.sat03-175.cnf
C:\satlib\SGI_30_70_30_40_3-dir.shuffled-as.sat03-181.cnf
C:\satlib\SGI_30_60_30_40_6-dir.shuffled-as.sat03-134.cnf
C:\satlib\qwh.35.405.shuffled-as.sat03-1651.cnf
C:\satlib\SGI_30_70_30_60_2-dir.shuffled-as.sat03-185.cnf
C:\satlib\C880mul.miter.shuffled-as.sat03-348.cnf
C:\satlib\SGI_30_70_30_50_10-dir.shuffled-as.sat03-183.cnf
C:\satlib\bqwh.36.2.432.shuffled-as.sat03-1643.cnf
C:\satlib\bqwh.36.4.432.shuffled-as.sat03-1644.cnf
C:\satlib\ferry8u.shuffled-as.sat03-385.cnf
C:\satlib\mm-2x2-7-7-sb.1.shuffled-as.sat03-1493.cnf
C:\satlib\ferry8.shuffled-as.sat03-384.cnf
C:\satlib\mm-2x3-6-6-sb.1.shuffled-as.sat03-1502.cnf
C:\satlib\color-18-4.shuffled-as.sat03-1486.cnf
C:\satlib\am_6_6.shuffled-as.sat03-362.cnf
C:\satlib\bqwh.40.reg.520.shuffled-as.sat03-1646.cnf
C:\satlib\bqwh.40.1.520.shuffled-as.sat03-1645.cnf
C:\satlib\gripper10u.shuffled-as.sat03-389.cnf
C:\satlib\ferry9u.shuffled-as.sat03-387.cnf
C:\satlib\mm-3x1-9-9-sb.1.shuffled-as.sat03-1495.cnf
C:\satlib\ferry9.shuffled-as.sat03-386.cnf
C:\satlib\cnf-r4-b1-k1.1-comp.shuffled-as.sat03-416.cnf
C:\satlib\cnf-r4-b1-k1.2-comp.shuffled-as.sat03-417.cnf
C:\satlib\genurq25Sat.shuffled-as.sat03-1507.cnf
C:\satlib\gripper10.shuffled-as.sat03-388.cnf
C:\satlib\color-19-4.shuffled-as.sat03-1487.cnf
C:\satlib\qwh.40.528.shuffled-as.sat03-1652.cnf
C:\satlib\2000009987nc.shuffled-as.sat03-1665.cnf
C:\satlib\2000009987nw.shuffled-as.sat03-1666.cnf
C:\satlib\qwh.40.544.shuffled-as.sat03-1653.cnf
C:\satlib\ferry10u.shuffled-as.sat03-379.cnf
C:\satlib\mm-2x3-8-8-sb.1.shuffled-as.sat03-1504.cnf
C:\satlib\ferry10.shuffled-as.sat03-378.cnf
C:\satlib\mm-1x10-10-10-sb.1.shuffled-as.sat03-1489.cnf
C:\satlib\7999999957nc.shuffled-as.sat03-1673.cnf
C:\satlib\ezfact64_1.shuffled-as.sat03-1517.cnf
C:\satlib\ezfact64_10.shuffled-as.sat03-1516.cnf
C:\satlib\ezfact64_2.shuffled-as.sat03-1518.cnf
C:\satlib\ezfact64_3.shuffled-as.sat03-1519.cnf
C:\satlib\ezfact64_4.shuffled-as.sat03-1520.cnf
C:\satlib\ezfact64_5.shuffled-as.sat03-1521.cnf
C:\satlib\ezfact64_6.shuffled-as.sat03-1522.cnf
C:\satlib\ezfact64_7.shuffled-as.sat03-1523.cnf
C:\satlib\ezfact64_8.shuffled-as.sat03-1524.cnf
C:\satlib\ezfact64_9.shuffled-as.sat03-1525.cnf
C:\satlib\par32-2.shuffled-as.sat03-1534.cnf
C:\satlib\par32-1.shuffled-as.sat03-1532.cnf
C:\satlib\par32-3.shuffled-as.sat03-1536.cnf
C:\satlib\par32-4.shuffled-as.sat03-1538.cnf
C:\satlib\par32-5.shuffled-as.sat03-1540.cnf
C:\satlib\2000009987fw.shuffled-as.sat03-1664.cnf
C:\satlib\gripper11u.shuffled-as.sat03-391.cnf
C:\satlib\qwh.40.560.shuffled-as.sat03-1654.cnf
C:\satlib\7999999957nw.shuffled-as.sat03-1674.cnf
C:\satlib\frg1mul.miter.shuffled-as.sat03-351.cnf
C:\satlib\gripper11.shuffled-as.sat03-390.cnf
C:\satlib\gripper12u.shuffled-as.sat03-393.cnf
C:\satlib\term1mul.miter.shuffled-as.sat03-357.cnf
C:\satlib\ferry11u.shuffled-as.sat03-381.cnf
C:\satlib\genurq30Sat.shuffled-as.sat03-1508.cnf
C:\satlib\gripper12.shuffled-as.sat03-392.cnf
C:\satlib\7999999957fw.shuffled-as.sat03-1672.cnf
C:\satlib\ferry11.shuffled-as.sat03-380.cnf
C:\satlib\bqwh.50.750.shuffled-as.sat03-1647.cnf
C:\satlib\am_7_7.shuffled-as.sat03-363.cnf
C:\satlib\ferry12u.shuffled-as.sat03-383.cnf
C:\satlib\ferry12.shuffled-as.sat03-382.cnf
C:\satlib\544707209399nc.shuffled-as.sat03-1670.cnf
C:\satlib\gripper13u.shuffled-as.sat03-395.cnf
C:\satlib\999999000001nc.shuffled-as.sat03-1675.cnf
C:\satlib\544707209399nw.shuffled-as.sat03-1671.cnf
C:\satlib\gripper13.shuffled-as.sat03-394.cnf
C:\satlib\999999000001nw.shuffled-as.sat03-1676.cnf
C:\satlib\comb3.shuffled-as.sat03-421.cnf
C:\satlib\gripper14u.shuffled-as.sat03-397.cnf
C:\satlib\hanoi5u.shuffled-as.sat03-401.cnf
C:\satlib\alu4mul.miter.shuffled-as.sat03-344.cnf
C:\satlib\2013113162201nc.shuffled-as.sat03-1667.cnf
C:\satlib\hanoi5.shuffled-as.sat03-400.cnf
C:\satlib\gripper14.shuffled-as.sat03-396.cnf
C:\satlib\2013113162201nw.shuffled-as.sat03-1668.cnf
C:\satlib\544707209399fw.shuffled-as.sat03-1669.cnf
C:\satlib\hanoi6.shuffled-as.sat03-1526.cnf
C:\satlib\bqwh.50.825.shuffled-as.sat03-1648.cnf
C:\satlib\c3540mul.miter.shuffled-as.sat03-345.cnf
C:\satlib\vdamul.miter.shuffled-as.sat03-358.cnf
C:\satlib\comb1.shuffled-as.sat03-419.cnf
C:\satlib\rotmul.miter.shuffled-as.sat03-356.cnf
C:\satlib\k2fix_gr_2pinvar_w8.shuffled-as.sat03-435.cnf
C:\satlib\bqwh.60.1080.shuffled-as.sat03-1649.cnf
C:\satlib\am_8_8.shuffled-as.sat03-364.cnf
C:\satlib\pyhala-braun-unsat-35-4-03.shuffled-as.sat03-1543.cnf
C:\satlib\pyhala-braun-unsat-35-4-04.shuffled-as.sat03-1544.cnf
C:\satlib\k2fix_gr_2pinvar_w9.shuffled-as.sat03-436.cnf
C:\satlib\bqwh.60.1152.shuffled-as.sat03-1650.cnf
C:\satlib\10142772393204023nc.shuffled-as.sat03-1662.cnf
C:\satlib\10142772393204023nw.shuffled-as.sat03-1663.cnf
C:\satlib\x1mul.miter.shuffled-as.sat03-359.cnf
C:\satlib\dp11u10.shuffled-as.sat03-422.cnf
C:\satlib\10142772393204023fw.shuffled-as.sat03-1661.cnf
C:\satlib\pyhala-braun-sat-40-4-03.shuffled-as.sat03-1541.cnf
C:\satlib\pyhala-braun-sat-40-4-04.shuffled-as.sat03-1542.cnf
C:\satlib\pyhala-braun-unsat-40-4-01.shuffled-as.sat03-1545.cnf
C:\satlib\pyhala-braun-unsat-40-4-02.shuffled-as.sat03-1546.cnf
C:\satlib\pyhala-braun-unsat-40-4-03.shuffled-as.sat03-1547.cnf
C:\satlib\pyhala-braun-unsat-40-4-04.shuffled-as.sat03-1548.cnf
C:\satlib\dalumul.miter.shuffled-as.sat03-349.cnf
C:\satlib\c6288mul.miter.shuffled-as.sat03-346.cnf
C:\satlib\frg2mul.miter.shuffled-as.sat03-352.cnf
C:\satlib\dp12u11.shuffled-as.sat03-423.cnf
C:\satlib\c7552mul.miter.shuffled-as.sat03-347.cnf
C:\satlib\am_9_9.shuffled-as.sat03-365.cnf
C:\satlib\k2mul.miter.shuffled-as.sat03-355.cnf
C:\satlib\k2fix_gr_rcs_w8.shuffled-as.sat03-439.cnf
C:\satlib\k2fix_gr_2pin_w8.shuffled-as.sat03-437.cnf
C:\satlib\i10mul.miter.shuffled-as.sat03-353.cnf
C:\satlib\abp1-1-k31-unsat.shuffled-as.sat03-402.cnf
C:\satlib\abp4-1-k31-unsat.shuffled-as.sat03-403.cnf
C:\satlib\i8mul.miter.shuffled-as.sat03-354.cnf
C:\satlib\k2fix_gr_2pin_w9.shuffled-as.sat03-438.cnf
C:\satlib\qwh.60.1440.shuffled-as.sat03-1656.cnf
C:\satlib\6pipe.shuffled-as.sat03-414.cnf
C:\satlib\qwh.50.1250.shuffled-as.sat03-1655.cnf
C:\satlib\cnt10.shuffled-as.sat03-418.cnf
C:\satlib\6pipe_6_ooo.shuffled-as.sat03-413.cnf
C:\satlib\qwh.60.1620.shuffled-as.sat03-1657.cnf
C:\satlib\Mat317.shuffled-as.sat03-1529.cnf
C:\satlib\f2clk_40.shuffled-as.sat03-424.cnf
C:\satlib\qwh.60.1692.shuffled-as.sat03-1658.cnf
C:\satlib\li-exam-61.shuffled-as.sat03-366.cnf
C:\satlib\li-exam-62.shuffled-as.sat03-367.cnf
C:\satlib\li-exam-63.shuffled-as.sat03-368.cnf
C:\satlib\li-exam-64.shuffled-as.sat03-369.cnf
C:\satlib\qwh.60.1728.shuffled-as.sat03-1659.cnf
C:\satlib\desmul.miter.shuffled-as.sat03-350.cnf
C:\satlib\7pipe.shuffled-as.sat03-415.cnf
C:\satlib\comb2.shuffled-as.sat03-420.cnf
C:\satlib\Mat323.shuffled-as.sat03-1530.cnf
C:\satlib\qwh.60.1800.shuffled-as.sat03-1660.cnf
C:\satlib\f2clk_50.shuffled-as.sat03-425.cnf
C:\satlib\li-test4-100.shuffled-as.sat03-370.cnf
C:\satlib\li-test4-101.shuffled-as.sat03-371.cnf
C:\satlib\li-test4-94.shuffled-as.sat03-372.cnf
C:\satlib\li-test4-95.shuffled-as.sat03-373.cnf
C:\satlib\li-test4-96.shuffled-as.sat03-374.cnf
C:\satlib\li-test4-97.shuffled-as.sat03-375.cnf
C:\satlib\li-test4-98.shuffled-as.sat03-376.cnf
C:\satlib\li-test4-99.shuffled-as.sat03-377.cnf
C:\satlib\ip36.shuffled-as.sat03-432.cnf
C:\satlib\ip38.shuffled-as.sat03-433.cnf
C:\satlib\ezfact256_1.shuffled-as.sat03-1515.cnf
C:\satlib\sha1.shuffled-as.sat03-441.cnf
C:\satlib\sha2.shuffled-as.sat03-442.cnf
C:\satlib\ip50.shuffled-as.sat03-434.cnf
C:\satlib\rope_2500.shuffled-as.sat03-1549.cnf
C:\satlib\guidance-1-k56-unsat.shuffled-as.sat03-408.cnf
C:\satlib\w08_14.shuffled-as.sat03-443.cnf
C:\satlib\w08_15.shuffled-as.sat03-444.cnf
C:\satlib\rope_5000.shuffled-as.sat03-1550.cnf
C:\satlib\fifo8_300.shuffled-as.sat03-426.cnf
C:\satlib\fifo8_400.shuffled-as.sat03-427.cnf
C:\satlib\dme-03-1-k247-unsat.shuffled-as.sat03-407.cnf
C:\satlib\rope_7500.shuffled-as.sat03-1551.cnf
C:\satlib\bc57-sensors-1-k303-unsat.shuffled-as.sat03-406.cnf
C:\satlib\motors-stuck-2-k314-unsat.shuffled-as.sat03-410.cnf
C:\satlib\motors-stuck-2-k315-sat.shuffled-as.sat03-411.cnf
C:\satlib\bc56-sensors-1-k391-unsat.shuffled-as.sat03-404.cnf
C:\satlib\motors-stuck-1-k407-unsat.shuffled-as.sat03-409.cnf
C:\satlib\bc56-sensors-2-k592-unsat.shuffled-as.sat03-405.cnf
C:\satlib\valves-gates-1-k617-unsat.shuffled-as.sat03-412.cnf
